c:\users\apple_kun\desktop\sample01\sample01\x64\debug\vc143.pdb
c:\users\apple_kun\desktop\sample01\sample01\x64\debug\vc143.idb
c:\users\apple_kun\desktop\sample01\sample01\x64\debug\helloworld.obj
c:\users\apple_kun\desktop\sample01\sample01\x64\debug\caluclate.obj
c:\users\apple_kun\desktop\sample01\x64\debug\sample01.exe
c:\users\apple_kun\desktop\sample01\sample01\x64\debug\sample01.ilk
c:\users\apple_kun\desktop\sample01\x64\debug\sample01.pdb
c:\users\apple_kun\desktop\sample01\sample01\x64\debug\main.obj
c:\users\apple_kun\desktop\sample01\sample01\x64\debug\sample01.tlog\cl.command.1.tlog
c:\users\apple_kun\desktop\sample01\sample01\x64\debug\sample01.tlog\cl.read.1.tlog
c:\users\apple_kun\desktop\sample01\sample01\x64\debug\sample01.tlog\cl.write.1.tlog
c:\users\apple_kun\desktop\sample01\sample01\x64\debug\sample01.tlog\link-cvtres.read.1.tlog
c:\users\apple_kun\desktop\sample01\sample01\x64\debug\sample01.tlog\link-cvtres.write.1.tlog
c:\users\apple_kun\desktop\sample01\sample01\x64\debug\sample01.tlog\link-rc.read.1.tlog
c:\users\apple_kun\desktop\sample01\sample01\x64\debug\sample01.tlog\link-rc.write.1.tlog
c:\users\apple_kun\desktop\sample01\sample01\x64\debug\sample01.tlog\link.7220-cvtres.read.1.tlog
c:\users\apple_kun\desktop\sample01\sample01\x64\debug\sample01.tlog\link.7220-cvtres.write.1.tlog
c:\users\apple_kun\desktop\sample01\sample01\x64\debug\sample01.tlog\link.7220-rc.read.1.tlog
c:\users\apple_kun\desktop\sample01\sample01\x64\debug\sample01.tlog\link.7220-rc.write.1.tlog
c:\users\apple_kun\desktop\sample01\sample01\x64\debug\sample01.tlog\link.7220.read.1.tlog
c:\users\apple_kun\desktop\sample01\sample01\x64\debug\sample01.tlog\link.7220.read.2.tlog
c:\users\apple_kun\desktop\sample01\sample01\x64\debug\sample01.tlog\link.7220.write.1.tlog
c:\users\apple_kun\desktop\sample01\sample01\x64\debug\sample01.tlog\link.command.1.tlog
c:\users\apple_kun\desktop\sample01\sample01\x64\debug\sample01.tlog\link.read.1.tlog
c:\users\apple_kun\desktop\sample01\sample01\x64\debug\sample01.tlog\link.read.2.tlog
c:\users\apple_kun\desktop\sample01\sample01\x64\debug\sample01.tlog\link.write.1.tlog
